-------------------------------------------------------------------------------
Test set: ch.epfl.tchu.game.PublicGameStateTest
-------------------------------------------------------------------------------
Tests run: 11, Failures: 1, Errors: 0, Skipped: 0, Time elapsed: 0.017 s <<< FAILURE! - in ch.epfl.tchu.game.PublicGameStateTest
ch.epfl.tchu.game.PublicGameStateTest.returnCorrectListOfRoute  Time elapsed: 0.004 s  <<< FAILURE!
org.opentest4j.AssertionFailedError: expected: <[ch.epfl.tchu.game.Route@660e9100, ch.epfl.tchu.game.Route@6928f576]> but was: <[ch.epfl.tchu.game.Route@6928f576, ch.epfl.tchu.game.Route@660e9100]>
	at ch.epfl.tchu.game.PublicGameStateTest.returnCorrectListOfRoute(PublicGameStateTest.java:153)

