<?xml version="1.0" encoding="UTF-8"?>
<testsuite xmlns:xsi="http://www.w3.org/2001/XMLSchema-instance" xsi:noNamespaceSchemaLocation="https://maven.apache.org/surefire/maven-surefire-plugin/xsd/surefire-test-report-3.0.xsd" version="3.0" name="ch.epfl.tchu.game.GameStateTest" time="0.018" tests="15" errors="0" skipped="0" failures="1">
  <properties>
[...]
</properties>
  <testcase name="withoutTopCardGameState" classname="ch.epfl.tchu.game.GameStateTest" time="0.001"/>
  <testcase name="withInitiallyChosenTicketsThrowsException" classname="ch.epfl.tchu.game.GameStateTest" time="0.001"/>
  <testcase name="chosenAdditionalTickets" classname="ch.epfl.tchu.game.GameStateTest" time="0">
    <failure type="org.opentest4j.AssertionFailedError"><![CDATA[org.opentest4j.AssertionFailedError: expected: <4> but was: <2>
	at ch.epfl.tchu.game.GameStateTest.chosenAdditionalTickets(GameStateTest.java:186)
]]></failure>
  </testcase>
  <testcase name="withChosenAdditionalTicketFails" classname="ch.epfl.tchu.game.GameStateTest" time="0.002"/>
  <testcase name="topCard" classname="ch.epfl.tchu.game.GameStateTest" time="0.001"/>
  <testcase name="withMoreDiscardedCards" classname="ch.epfl.tchu.game.GameStateTest" time="0.001"/>
  <testcase name="withCardsDeckRecreatedIfNeededFunctions" classname="ch.epfl.tchu.game.GameStateTest" time="0"/>
  <testcase name="topTicketsReturnsCorrectBag" classname="ch.epfl.tchu.game.GameStateTest" time="0.001"/>
  <testcase name="withBlindlyDrawnCard" classname="ch.epfl.tchu.game.GameStateTest" time="0.001"/>
  <testcase name="ForNextTurnWorks" classname="ch.epfl.tchu.game.GameStateTest" time="0.001"/>
  <testcase name="withClaimedRoute" classname="ch.epfl.tchu.game.GameStateTest" time="0.001"/>
  <testcase name="lastTurnBegins" classname="ch.epfl.tchu.game.GameStateTest" time="0.001"/>
  <testcase name="withoutTopTicketsReturnsCorrectBag" classname="ch.epfl.tchu.game.GameStateTest" time="0.002"/>
  <testcase name="withDrawnFaceUpCard" classname="ch.epfl.tchu.game.GameStateTest" time="0"/>
  <testcase name="withInitiallyChosenTicketsWorks" classname="ch.epfl.tchu.game.GameStateTest" time="0"/>
</testsuite>